<?xml version="1.0" encoding="UTF-8"?>
<!-- Generated by org.testng.reporters.JUnitReportReporter -->
<testsuite skipped="0" hostname="LAPTOP-E069LGRR" name="runner.RunnerCukes" tests="3" failures="0" timestamp="2020-07-06T18:49:45 IST" time="90.027" errors="0">
  <testcase name="feature" time="25.141" classname="runner.RunnerCukes"/>
  <system-out/>
  <testcase name="feature" time="19.883" classname="runner.RunnerCukes"/>
  <system-out/>
  <testcase name="feature" time="45.003" classname="runner.RunnerCukes"/>
  <system-out/>
</testsuite> <!-- runner.RunnerCukes -->
