<?xml version="1.0" encoding="UTF-8"?>
<!-- Generated by org.testng.reporters.JUnitReportReporter -->
<testsuite skipped="0" hostname="LAPTOP-E069LGRR" name="runner.RunnerCukes" tests="3" failures="0" timestamp="2020-06-12T16:30:00 IST" time="89.937" errors="0">
  <testcase name="feature" time="25.338" classname="runner.RunnerCukes"/>
  <system-out/>
  <testcase name="feature" time="37.201" classname="runner.RunnerCukes"/>
  <system-out/>
  <testcase name="feature" time="27.398" classname="runner.RunnerCukes"/>
  <system-out/>
</testsuite> <!-- runner.RunnerCukes -->
