<?xml version="1.0" encoding="UTF-8"?>
<!-- Generated by org.testng.reporters.JUnitReportReporter -->
<testsuite skipped="0" hostname="LAPTOP-E069LGRR" name="runner.RunnerCukes" tests="3" failures="0" timestamp="2020-07-08T01:12:04 IST" time="72.704" errors="0">
  <testcase name="feature" time="21.910" classname="runner.RunnerCukes"/>
  <system-out/>
  <testcase name="feature" time="23.195" classname="runner.RunnerCukes"/>
  <system-out/>
  <testcase name="feature" time="27.599" classname="runner.RunnerCukes"/>
  <system-out/>
</testsuite> <!-- runner.RunnerCukes -->
